#
# There is insufficient memory for the Java Runtime Environment to continue.
# Native memory allocation (malloc) failed to allocate 65552 bytes for Chunk::new
# Possible reasons:
#   The system is out of physical RAM or swap space
#   The process is running with CompressedOops enabled, and the Java Heap may be blocking the growth of the native heap
# Possible solutions:
#   Reduce memory load on the system
#   Increase physical memory or swap space
#   Check if swap backing store is full
#   Decrease Java heap size (-Xmx/-Xms)
#   Decrease number of Java threads
#   Decrease Java thread stack sizes (-Xss)
#   Set larger code cache with -XX:ReservedCodeCacheSize=
#   JVM is running with Unscaled Compressed Oops mode in which the Java heap is
#     placed in the first 4GB address space. The Java Heap base address is the
#     maximum limit for the native heap growth. Please use -XX:HeapBaseMinAddress
#     to set the Java Heap base and to place the Java Heap above 4GB virtual address.
# This output file may be truncated or incomplete.
#
#  Out of Memory Error (./open/src/hotspot/share/memory/arena.cpp:197), pid=27640, tid=27816
#
# JRE version: Java(TM) SE Runtime Environment 18.9 (11.0.18+9) (build 11.0.18+9-LTS-195)
# Java VM: Java HotSpot(TM) 64-Bit Server VM 18.9 (11.0.18+9-LTS-195, mixed mode, tiered, compressed oops, g1 gc, windows-amd64)
# No core dump will be written. Minidumps are not enabled by default on client versions of Windows
#

---------------  S U M M A R Y ------------

Command Line: org.jetbrains.kotlin.cli.jvm.K2JVMCompiler @C:\convoxmeet_products\my-products\Android_app\node_modules\react-native-hole-view\android\build\20230809_15758262442673637626.compiler.options

Host: AMD Ryzen 5 5600H with Radeon Graphics         , 12 cores, 7G,  Windows 11 , 64 bit Build 22621 (10.0.22621.1928)
Time: Wed Aug  9 12:05:24 2023 India Standard Time elapsed time: 9.560748 seconds (0d 0h 0m 9s)

---------------  T H R E A D  ---------------

Current thread (0x000002a3fd22d800):  JavaThread "C1 CompilerThread0" daemon [_thread_in_native, id=27816, stack(0x000000cfa4700000,0x000000cfa4800000)]


Current CompileTask:
C1:   9560 2786   !   3       org.jetbrains.kotlin.metadata.ProtoBuf$Class::<init> (2395 bytes)

Stack: [0x000000cfa4700000,0x000000cfa4800000]
Native frames: (J=compiled Java code, j=interpreted, Vv=VM code, C=native code)
V  [jvm.dll+0x65d8aa]
V  [jvm.dll+0x79fc1f]
V  [jvm.dll+0x7a12e9]
V  [jvm.dll+0x7a1983]
V  [jvm.dll+0x2585b5]
V  [jvm.dll+0xb284c]
V  [jvm.dll+0xb2e0c]
V  [jvm.dll+0xbea83]
V  [jvm.dll+0x164ffd]
V  [jvm.dll+0x164df9]
V  [jvm.dll+0x169e47]
V  [jvm.dll+0x15642e]
V  [jvm.dll+0x142b50]
V  [jvm.dll+0x12a3d9]
V  [jvm.dll+0x129d3f]
V  [jvm.dll+0x129f72]
V  [jvm.dll+0x1292c9]
V  [jvm.dll+0x12b118]
V  [jvm.dll+0x220609]
V  [jvm.dll+0x21e92c]
V  [jvm.dll+0x763f61]
V  [jvm.dll+0x75c924]
V  [jvm.dll+0x65c755]
C  [ucrtbase.dll+0x29363]
C  [KERNEL32.DLL+0x126ad]
C  [ntdll.dll+0x5aa68]


---------------  P R O C E S S  ---------------

Threads class SMR info:
_java_thread_list=0x000002a3ff5af520, length=11, elements={
0x000002a3ee36e800, 0x000002a3fd1ed000, 0x000002a3fd20e800, 0x000002a3fd229800,
0x000002a3fd22a000, 0x000002a3fd22b000, 0x000002a3fd22c000, 0x000002a3fd22d800,
0x000002a3fd235000, 0x000002a3fdd02000, 0x000002a3ff5e4800
}

Java Threads: ( => current thread )
  0x000002a3ee36e800 JavaThread "main" [_thread_in_native, id=36784, stack(0x000000cfa3a00000,0x000000cfa3b00000)]
  0x000002a3fd1ed000 JavaThread "Reference Handler" daemon [_thread_blocked, id=34076, stack(0x000000cfa4100000,0x000000cfa4200000)]
  0x000002a3fd20e800 JavaThread "Finalizer" daemon [_thread_blocked, id=23856, stack(0x000000cfa4200000,0x000000cfa4300000)]
  0x000002a3fd229800 JavaThread "Signal Dispatcher" daemon [_thread_blocked, id=20208, stack(0x000000cfa4300000,0x000000cfa4400000)]
  0x000002a3fd22a000 JavaThread "Attach Listener" daemon [_thread_blocked, id=19388, stack(0x000000cfa4400000,0x000000cfa4500000)]
  0x000002a3fd22b000 JavaThread "Service Thread" daemon [_thread_blocked, id=18744, stack(0x000000cfa4500000,0x000000cfa4600000)]
  0x000002a3fd22c000 JavaThread "C2 CompilerThread0" daemon [_thread_blocked, id=25240, stack(0x000000cfa4600000,0x000000cfa4700000)]
=>0x000002a3fd22d800 JavaThread "C1 CompilerThread0" daemon [_thread_in_native, id=27816, stack(0x000000cfa4700000,0x000000cfa4800000)]
  0x000002a3fd235000 JavaThread "Sweeper thread" daemon [_thread_blocked, id=4208, stack(0x000000cfa4800000,0x000000cfa4900000)]
  0x000002a3fdd02000 JavaThread "Common-Cleaner" daemon [_thread_blocked, id=36392, stack(0x000000cfa4a00000,0x000000cfa4b00000)]
  0x000002a3ff5e4800 JavaThread "C2 CompilerThread1" daemon [_thread_blocked, id=21748, stack(0x000000cfa4e00000,0x000000cfa4f00000)]

Other Threads:
  0x000002a3fd1e9000 VMThread "VM Thread" [stack: 0x000000cfa4000000,0x000000cfa4100000] [id=15028]
  0x000002a3fdcfe800 WatcherThread [stack: 0x000000cfa4900000,0x000000cfa4a00000] [id=34584]
  0x000002a3ee383800 GCTaskThread "GC Thread#0" [stack: 0x000000cfa3b00000,0x000000cfa3c00000] [id=3764]
  0x000002a3fe221000 GCTaskThread "GC Thread#1" [stack: 0x000000cfa4b00000,0x000000cfa4c00000] [id=23876]
  0x000002a3ee3b3000 ConcurrentGCThread "G1 Main Marker" [stack: 0x000000cfa3c00000,0x000000cfa3d00000] [id=23896]
  0x000002a3ee3b6000 ConcurrentGCThread "G1 Conc#0" [stack: 0x000000cfa3d00000,0x000000cfa3e00000] [id=24116]
  0x000002a3fe23b800 ConcurrentGCThread "G1 Conc#1" [stack: 0x000000cfa4c00000,0x000000cfa4d00000] [id=28108]
  0x000002a3fe4d9800 ConcurrentGCThread "G1 Conc#2" [stack: 0x000000cfa4d00000,0x000000cfa4e00000] [id=34252]
  0x000002a3fd050800 ConcurrentGCThread "G1 Refine#0" [stack: 0x000000cfa3e00000,0x000000cfa3f00000] [id=18508]
  0x000002a3fd051000 ConcurrentGCThread "G1 Young RemSet Sampling" [stack: 0x000000cfa3f00000,0x000000cfa4000000] [id=27636]

Threads with active compile tasks:
C1 CompilerThread0     9585 2786   !   3       org.jetbrains.kotlin.metadata.ProtoBuf$Class::<init> (2395 bytes)

VM state:not at safepoint (normal execution)

VM Mutex/Monitor currently owned by a thread: None

Heap address: 0x000000008a600000, size: 1882 MB, Compressed Oops mode: 32-bit
Narrow klass base: 0x0000000000000000, Narrow klass shift: 3
Compressed class space size: 1073741824 Address: 0x0000000100000000

Heap:
 garbage-first heap   total 120832K, used 24068K [0x000000008a600000, 0x0000000100000000)
  region size 1024K, 7 young (7168K), 5 survivors (5120K)
 Metaspace       used 40643K, capacity 41099K, committed 41264K, reserved 1085440K
  class space    used 4919K, capacity 5142K, committed 5248K, reserved 1048576K
Heap Regions: E=young(eden), S=young(survivor), O=old, HS=humongous(starts), HC=humongous(continues), CS=collection set, F=free, A=archive, TAMS=top-at-mark-start (previous, next)
|   0|0x000000008a600000, 0x000000008a700000, 0x000000008a700000|100%|HS|  |TAMS 0x000000008a700000, 0x000000008a600000| Complete 
|   1|0x000000008a700000, 0x000000008a800000, 0x000000008a800000|100%|HC|  |TAMS 0x000000008a800000, 0x000000008a700000| Complete 
|   2|0x000000008a800000, 0x000000008a900000, 0x000000008a900000|100%|HC|  |TAMS 0x000000008a900000, 0x000000008a800000| Complete 
|   3|0x000000008a900000, 0x000000008aa00000, 0x000000008aa00000|100%|HS|  |TAMS 0x000000008aa00000, 0x000000008a900000| Complete 
|   4|0x000000008aa00000, 0x000000008ab00000, 0x000000008ab00000|100%|HC|  |TAMS 0x000000008ab00000, 0x000000008aa00000| Complete 
|   5|0x000000008ab00000, 0x000000008ac00000, 0x000000008ac00000|100%|HC|  |TAMS 0x000000008ac00000, 0x000000008ab00000| Complete 
|   6|0x000000008ac00000, 0x000000008ac00000, 0x000000008ad00000|  0%| F|  |TAMS 0x000000008ac00000, 0x000000008ac00000| Untracked 
|   7|0x000000008ad00000, 0x000000008ad00000, 0x000000008ae00000|  0%| F|  |TAMS 0x000000008ad00000, 0x000000008ad00000| Untracked 
|   8|0x000000008ae00000, 0x000000008af00000, 0x000000008af00000|100%| O|  |TAMS 0x000000008af00000, 0x000000008ae00000| Untracked 
|   9|0x000000008af00000, 0x000000008b000000, 0x000000008b000000|100%| O|  |TAMS 0x000000008b000000, 0x000000008af00000| Untracked 
|  10|0x000000008b000000, 0x000000008b100000, 0x000000008b100000|100%| O|  |TAMS 0x000000008b100000, 0x000000008b000000| Untracked 
|  11|0x000000008b100000, 0x000000008b200000, 0x000000008b200000|100%| O|  |TAMS 0x000000008b200000, 0x000000008b100000| Untracked 
|  12|0x000000008b200000, 0x000000008b300000, 0x000000008b300000|100%| O|  |TAMS 0x000000008b2b8e00, 0x000000008b200000| Untracked 
|  13|0x000000008b300000, 0x000000008b400000, 0x000000008b400000|100%| O|  |TAMS 0x000000008b300000, 0x000000008b300000| Untracked 
|  14|0x000000008b400000, 0x000000008b500000, 0x000000008b500000|100%| O|  |TAMS 0x000000008b400000, 0x000000008b400000| Untracked 
|  15|0x000000008b500000, 0x000000008b600000, 0x000000008b600000|100%| O|  |TAMS 0x000000008b500000, 0x000000008b500000| Untracked 
|  16|0x000000008b600000, 0x000000008b700000, 0x000000008b700000|100%| O|  |TAMS 0x000000008b600000, 0x000000008b600000| Untracked 
|  17|0x000000008b700000, 0x000000008b800000, 0x000000008b800000|100%| O|  |TAMS 0x000000008b700000, 0x000000008b700000| Untracked 
|  18|0x000000008b800000, 0x000000008b900000, 0x000000008b900000|100%| O|  |TAMS 0x000000008b800000, 0x000000008b800000| Untracked 
|  19|0x000000008b900000, 0x000000008ba00000, 0x000000008ba00000|100%| O|  |TAMS 0x000000008b900000, 0x000000008b900000| Untracked 
|  20|0x000000008ba00000, 0x000000008ba00000, 0x000000008bb00000|  0%| F|  |TAMS 0x000000008ba00000, 0x000000008ba00000| Untracked 
|  21|0x000000008bb00000, 0x000000008bb00000, 0x000000008bc00000|  0%| F|  |TAMS 0x000000008bb00000, 0x000000008bb00000| Untracked 
|  22|0x000000008bc00000, 0x000000008bc00000, 0x000000008bd00000|  0%| F|  |TAMS 0x000000008bc00000, 0x000000008bc00000| Untracked 
|  23|0x000000008bd00000, 0x000000008bd00000, 0x000000008be00000|  0%| F|  |TAMS 0x000000008bd00000, 0x000000008bd00000| Untracked 
|  24|0x000000008be00000, 0x000000008be00000, 0x000000008bf00000|  0%| F|  |TAMS 0x000000008be00000, 0x000000008be00000| Untracked 
|  25|0x000000008bf00000, 0x000000008bf00000, 0x000000008c000000|  0%| F|  |TAMS 0x000000008bf00000, 0x000000008bf00000| Untracked 
|  26|0x000000008c000000, 0x000000008c000000, 0x000000008c100000|  0%| F|  |TAMS 0x000000008c000000, 0x000000008c000000| Untracked 
|  27|0x000000008c100000, 0x000000008c100000, 0x000000008c200000|  0%| F|  |TAMS 0x000000008c100000, 0x000000008c100000| Untracked 
|  28|0x000000008c200000, 0x000000008c200000, 0x000000008c300000|  0%| F|  |TAMS 0x000000008c200000, 0x000000008c200000| Untracked 
|  29|0x000000008c300000, 0x000000008c300000, 0x000000008c400000|  0%| F|  |TAMS 0x000000008c300000, 0x000000008c300000| Untracked 
|  30|0x000000008c400000, 0x000000008c400000, 0x000000008c500000|  0%| F|  |TAMS 0x000000008c400000, 0x000000008c400000| Untracked 
|  31|0x000000008c500000, 0x000000008c500000, 0x000000008c600000|  0%| F|  |TAMS 0x000000008c500000, 0x000000008c500000| Untracked 
|  32|0x000000008c600000, 0x000000008c600000, 0x000000008c700000|  0%| F|  |TAMS 0x000000008c600000, 0x000000008c600000| Untracked 
|  33|0x000000008c700000, 0x000000008c700000, 0x000000008c800000|  0%| F|  |TAMS 0x000000008c700000, 0x000000008c700000| Untracked 
|  34|0x000000008c800000, 0x000000008c800000, 0x000000008c900000|  0%| F|  |TAMS 0x000000008c800000, 0x000000008c800000| Untracked 
|  35|0x000000008c900000, 0x000000008c900000, 0x000000008ca00000|  0%| F|  |TAMS 0x000000008c900000, 0x000000008c900000| Untracked 
|  36|0x000000008ca00000, 0x000000008ca00000, 0x000000008cb00000|  0%| F|  |TAMS 0x000000008ca00000, 0x000000008ca00000| Untracked 
|  37|0x000000008cb00000, 0x000000008cb00000, 0x000000008cc00000|  0%| F|  |TAMS 0x000000008cb00000, 0x000000008cb00000| Untracked 
|  38|0x000000008cc00000, 0x000000008cc00000, 0x000000008cd00000|  0%| F|  |TAMS 0x000000008cc00000, 0x000000008cc00000| Untracked 
|  39|0x000000008cd00000, 0x000000008cd00000, 0x000000008ce00000|  0%| F|  |TAMS 0x000000008cd00000, 0x000000008cd00000| Untracked 
|  40|0x000000008ce00000, 0x000000008ce00000, 0x000000008cf00000|  0%| F|  |TAMS 0x000000008ce00000, 0x000000008ce00000| Untracked 
|  41|0x000000008cf00000, 0x000000008cf00000, 0x000000008d000000|  0%| F|  |TAMS 0x000000008cf00000, 0x000000008cf00000| Untracked 
|  42|0x000000008d000000, 0x000000008d000000, 0x000000008d100000|  0%| F|  |TAMS 0x000000008d000000, 0x000000008d000000| Untracked 
|  43|0x000000008d100000, 0x000000008d100000, 0x000000008d200000|  0%| F|  |TAMS 0x000000008d100000, 0x000000008d100000| Untracked 
|  44|0x000000008d200000, 0x000000008d200000, 0x000000008d300000|  0%| F|  |TAMS 0x000000008d200000, 0x000000008d200000| Untracked 
|  45|0x000000008d300000, 0x000000008d300000, 0x000000008d400000|  0%| F|  |TAMS 0x000000008d300000, 0x000000008d300000| Untracked 
|  46|0x000000008d400000, 0x000000008d400000, 0x000000008d500000|  0%| F|  |TAMS 0x000000008d400000, 0x000000008d400000| Untracked 
|  47|0x000000008d500000, 0x000000008d500000, 0x000000008d600000|  0%| F|  |TAMS 0x000000008d500000, 0x000000008d500000| Untracked 
|  48|0x000000008d600000, 0x000000008d600000, 0x000000008d700000|  0%| F|  |TAMS 0x000000008d600000, 0x000000008d600000| Untracked 
|  49|0x000000008d700000, 0x000000008d700000, 0x000000008d800000|  0%| F|  |TAMS 0x000000008d700000, 0x000000008d700000| Untracked 
|  50|0x000000008d800000, 0x000000008d800000, 0x000000008d900000|  0%| F|  |TAMS 0x000000008d800000, 0x000000008d800000| Untracked 
|  51|0x000000008d900000, 0x000000008d900000, 0x000000008da00000|  0%| F|  |TAMS 0x000000008d900000, 0x000000008d900000| Untracked 
|  52|0x000000008da00000, 0x000000008da00000, 0x000000008db00000|  0%| F|  |TAMS 0x000000008da00000, 0x000000008da00000| Untracked 
|  53|0x000000008db00000, 0x000000008db00000, 0x000000008dc00000|  0%| F|  |TAMS 0x000000008db00000, 0x000000008db00000| Untracked 
|  54|0x000000008dc00000, 0x000000008dc00000, 0x000000008dd00000|  0%| F|  |TAMS 0x000000008dc00000, 0x000000008dc00000| Untracked 
|  55|0x000000008dd00000, 0x000000008dd00000, 0x000000008de00000|  0%| F|  |TAMS 0x000000008dd00000, 0x000000008dd00000| Untracked 
|  56|0x000000008de00000, 0x000000008de00000, 0x000000008df00000|  0%| F|  |TAMS 0x000000008de00000, 0x000000008de00000| Untracked 
|  57|0x000000008df00000, 0x000000008df00000, 0x000000008e000000|  0%| F|  |TAMS 0x000000008df00000, 0x000000008df00000| Untracked 
|  58|0x000000008e000000, 0x000000008e000000, 0x000000008e100000|  0%| F|  |TAMS 0x000000008e000000, 0x000000008e000000| Untracked 
|  59|0x000000008e100000, 0x000000008e100000, 0x000000008e200000|  0%| F|  |TAMS 0x000000008e100000, 0x000000008e100000| Untracked 
|  60|0x000000008e200000, 0x000000008e200000, 0x000000008e300000|  0%| F|  |TAMS 0x000000008e200000, 0x000000008e200000| Untracked 
|  61|0x000000008e300000, 0x000000008e300000, 0x000000008e400000|  0%| F|  |TAMS 0x000000008e300000, 0x000000008e300000| Untracked 
|  62|0x000000008e400000, 0x000000008e400000, 0x000000008e500000|  0%| F|  |TAMS 0x000000008e400000, 0x000000008e400000| Untracked 
|  63|0x000000008e500000, 0x000000008e500000, 0x000000008e600000|  0%| F|  |TAMS 0x000000008e500000, 0x000000008e500000| Untracked 
|  64|0x000000008e600000, 0x000000008e600000, 0x000000008e700000|  0%| F|  |TAMS 0x000000008e600000, 0x000000008e600000| Untracked 
|  65|0x000000008e700000, 0x000000008e700000, 0x000000008e800000|  0%| F|  |TAMS 0x000000008e700000, 0x000000008e700000| Untracked 
|  66|0x000000008e800000, 0x000000008e800000, 0x000000008e900000|  0%| F|  |TAMS 0x000000008e800000, 0x000000008e800000| Untracked 
|  67|0x000000008e900000, 0x000000008e900000, 0x000000008ea00000|  0%| F|  |TAMS 0x000000008e900000, 0x000000008e900000| Untracked 
|  68|0x000000008ea00000, 0x000000008ea00000, 0x000000008eb00000|  0%| F|  |TAMS 0x000000008ea00000, 0x000000008ea00000| Untracked 
|  69|0x000000008eb00000, 0x000000008eb00000, 0x000000008ec00000|  0%| F|  |TAMS 0x000000008eb00000, 0x000000008eb00000| Untracked 
|  70|0x000000008ec00000, 0x000000008ec00000, 0x000000008ed00000|  0%| F|  |TAMS 0x000000008ec00000, 0x000000008ec00000| Untracked 
|  71|0x000000008ed00000, 0x000000008ed00000, 0x000000008ee00000|  0%| F|  |TAMS 0x000000008ed00000, 0x000000008ed00000| Untracked 
|  72|0x000000008ee00000, 0x000000008ee00000, 0x000000008ef00000|  0%| F|  |TAMS 0x000000008ee00000, 0x000000008ee00000| Untracked 
|  73|0x000000008ef00000, 0x000000008ef00000, 0x000000008f000000|  0%| F|  |TAMS 0x000000008ef00000, 0x000000008ef00000| Untracked 
|  74|0x000000008f000000, 0x000000008f081108, 0x000000008f100000| 50%| S|CS|TAMS 0x000000008f000000, 0x000000008f000000| Complete 
|  75|0x000000008f100000, 0x000000008f200000, 0x000000008f200000|100%| S|CS|TAMS 0x000000008f100000, 0x000000008f100000| Complete 
|  76|0x000000008f200000, 0x000000008f300000, 0x000000008f300000|100%| S|CS|TAMS 0x000000008f200000, 0x000000008f200000| Complete 
|  77|0x000000008f300000, 0x000000008f400000, 0x000000008f400000|100%| S|CS|TAMS 0x000000008f300000, 0x000000008f300000| Complete 
|  78|0x000000008f400000, 0x000000008f500000, 0x000000008f500000|100%| S|CS|TAMS 0x000000008f400000, 0x000000008f400000| Complete 
|  79|0x000000008f500000, 0x000000008f500000, 0x000000008f600000|  0%| F|  |TAMS 0x000000008f500000, 0x000000008f500000| Untracked 
|  80|0x000000008f600000, 0x000000008f600000, 0x000000008f700000|  0%| F|  |TAMS 0x000000008f600000, 0x000000008f600000| Untracked 
|  81|0x000000008f700000, 0x000000008f700000, 0x000000008f800000|  0%| F|  |TAMS 0x000000008f700000, 0x000000008f700000| Untracked 
|  82|0x000000008f800000, 0x000000008f800000, 0x000000008f900000|  0%| F|  |TAMS 0x000000008f800000, 0x000000008f800000| Untracked 
|  83|0x000000008f900000, 0x000000008f900000, 0x000000008fa00000|  0%| F|  |TAMS 0x000000008f900000, 0x000000008f900000| Untracked 
|  84|0x000000008fa00000, 0x000000008fa00000, 0x000000008fb00000|  0%| F|  |TAMS 0x000000008fa00000, 0x000000008fa00000| Untracked 
|  85|0x000000008fb00000, 0x000000008fb00000, 0x000000008fc00000|  0%| F|  |TAMS 0x000000008fb00000, 0x000000008fb00000| Untracked 
|  86|0x000000008fc00000, 0x000000008fc00000, 0x000000008fd00000|  0%| F|  |TAMS 0x000000008fc00000, 0x000000008fc00000| Untracked 
|  87|0x000000008fd00000, 0x000000008fd00000, 0x000000008fe00000|  0%| F|  |TAMS 0x000000008fd00000, 0x000000008fd00000| Untracked 
|  88|0x000000008fe00000, 0x000000008fe00000, 0x000000008ff00000|  0%| F|  |TAMS 0x000000008fe00000, 0x000000008fe00000| Untracked 
|  89|0x000000008ff00000, 0x000000008ff00000, 0x0000000090000000|  0%| F|  |TAMS 0x000000008ff00000, 0x000000008ff00000| Untracked 
|  90|0x0000000090000000, 0x0000000090000000, 0x0000000090100000|  0%| F|  |TAMS 0x0000000090000000, 0x0000000090000000| Untracked 
|  91|0x0000000090100000, 0x0000000090100000, 0x0000000090200000|  0%| F|  |TAMS 0x0000000090100000, 0x0000000090100000| Untracked 
|  92|0x0000000090200000, 0x0000000090200000, 0x0000000090300000|  0%| F|  |TAMS 0x0000000090200000, 0x0000000090200000| Untracked 
|  93|0x0000000090300000, 0x0000000090300000, 0x0000000090400000|  0%| F|  |TAMS 0x0000000090300000, 0x0000000090300000| Untracked 
|  94|0x0000000090400000, 0x0000000090400000, 0x0000000090500000|  0%| F|  |TAMS 0x0000000090400000, 0x0000000090400000| Untracked 
|  95|0x0000000090500000, 0x0000000090500000, 0x0000000090600000|  0%| F|  |TAMS 0x0000000090500000, 0x0000000090500000| Untracked 
|  96|0x0000000090600000, 0x0000000090600000, 0x0000000090700000|  0%| F|  |TAMS 0x0000000090600000, 0x0000000090600000| Untracked 
|  97|0x0000000090700000, 0x0000000090700000, 0x0000000090800000|  0%| F|  |TAMS 0x0000000090700000, 0x0000000090700000| Untracked 
|  98|0x0000000090800000, 0x0000000090800000, 0x0000000090900000|  0%| F|  |TAMS 0x0000000090800000, 0x0000000090800000| Untracked 
|  99|0x0000000090900000, 0x0000000090900000, 0x0000000090a00000|  0%| F|  |TAMS 0x0000000090900000, 0x0000000090900000| Untracked 
| 100|0x0000000090a00000, 0x0000000090a00000, 0x0000000090b00000|  0%| F|  |TAMS 0x0000000090a00000, 0x0000000090a00000| Untracked 
| 101|0x0000000090b00000, 0x0000000090b00000, 0x0000000090c00000|  0%| F|  |TAMS 0x0000000090b00000, 0x0000000090b00000| Untracked 
| 102|0x0000000090c00000, 0x0000000090c00000, 0x0000000090d00000|  0%| F|  |TAMS 0x0000000090c00000, 0x0000000090c00000| Untracked 
| 103|0x0000000090d00000, 0x0000000090d00000, 0x0000000090e00000|  0%| F|  |TAMS 0x0000000090d00000, 0x0000000090d00000| Untracked 
| 104|0x0000000090e00000, 0x0000000090e00000, 0x0000000090f00000|  0%| F|  |TAMS 0x0000000090e00000, 0x0000000090e00000| Untracked 
| 105|0x0000000090f00000, 0x0000000090f00000, 0x0000000091000000|  0%| F|  |TAMS 0x0000000090f00000, 0x0000000090f00000| Untracked 
| 106|0x0000000091000000, 0x0000000091000000, 0x0000000091100000|  0%| F|  |TAMS 0x0000000091000000, 0x0000000091000000| Untracked 
| 107|0x0000000091100000, 0x0000000091100000, 0x0000000091200000|  0%| F|  |TAMS 0x0000000091100000, 0x0000000091100000| Untracked 
| 108|0x0000000091200000, 0x0000000091200000, 0x0000000091300000|  0%| F|  |TAMS 0x0000000091200000, 0x0000000091200000| Untracked 
| 109|0x0000000091300000, 0x0000000091300000, 0x0000000091400000|  0%| F|  |TAMS 0x0000000091300000, 0x0000000091300000| Untracked 
| 110|0x0000000091400000, 0x0000000091400000, 0x0000000091500000|  0%| F|  |TAMS 0x0000000091400000, 0x0000000091400000| Untracked 
| 111|0x0000000091500000, 0x0000000091500000, 0x0000000091600000|  0%| F|  |TAMS 0x0000000091500000, 0x0000000091500000| Untracked 
| 112|0x0000000091600000, 0x0000000091600000, 0x0000000091700000|  0%| F|  |TAMS 0x0000000091600000, 0x0000000091600000| Untracked 
| 113|0x0000000091700000, 0x0000000091700000, 0x0000000091800000|  0%| F|  |TAMS 0x0000000091700000, 0x0000000091700000| Untracked 
| 114|0x0000000091800000, 0x0000000091800000, 0x0000000091900000|  0%| F|  |TAMS 0x0000000091800000, 0x0000000091800000| Untracked 
| 115|0x0000000091900000, 0x0000000091900000, 0x0000000091a00000|  0%| F|  |TAMS 0x0000000091900000, 0x0000000091900000| Untracked 
| 116|0x0000000091a00000, 0x0000000091a80800, 0x0000000091b00000| 50%| E|  |TAMS 0x0000000091a00000, 0x0000000091a00000| Complete 
| 117|0x0000000091b00000, 0x0000000091c00000, 0x0000000091c00000|100%| E|CS|TAMS 0x0000000091b00000, 0x0000000091b00000| Complete 

Card table byte_map: [0x000002a3f6360000,0x000002a3f6710000] _byte_map_base: 0x000002a3f5f0d000

Marking Bits (Prev, Next): (CMBitMap*) 0x000002a3ee3aab98, (CMBitMap*) 0x000002a3ee3aabd0
 Prev Bits: [0x000002a3f6ac0000, 0x000002a3f8828000)
 Next Bits: [0x000002a3f8830000, 0x000002a3fa598000)

Polling page: 0x000002a3ec330000

Metaspace:

Usage:
  Non-class:     35.11 MB capacity,    34.89 MB (>99%) used,   174.45 KB ( <1%) free+waste,    58.25 KB ( <1%) overhead. 
      Class:      5.02 MB capacity,     4.80 MB ( 96%) used,   195.62 KB (  4%) free+waste,    27.12 KB ( <1%) overhead. 
       Both:     40.14 MB capacity,    39.69 MB ( 99%) used,   370.06 KB ( <1%) free+waste,    85.38 KB ( <1%) overhead. 

Virtual space:
  Non-class space:       36.00 MB reserved,      35.17 MB ( 98%) committed 
      Class space:        1.00 GB reserved,       5.12 MB ( <1%) committed 
             Both:        1.04 GB reserved,      40.30 MB (  4%) committed 

Chunk freelists:
   Non-Class:  7.38 KB
       Class:  1.25 KB
        Both:  8.62 KB

CodeHeap 'non-profiled nmethods': size=120000Kb used=1098Kb max_used=1098Kb free=118901Kb
 bounds [0x000002a387ad0000, 0x000002a387d40000, 0x000002a38f000000]
CodeHeap 'profiled nmethods': size=120000Kb used=5309Kb max_used=5309Kb free=114690Kb
 bounds [0x000002a3805a0000, 0x000002a380ad0000, 0x000002a387ad0000]
CodeHeap 'non-nmethods': size=5760Kb used=1187Kb max_used=1217Kb free=4573Kb
 bounds [0x000002a380000000, 0x000002a380270000, 0x000002a3805a0000]
 total_blobs=3326 nmethods=2782 adapters=455
 compilation: enabled
              stopped_count=0, restarted_count=0
 full_count=0

Compilation events (10 events):
Event: 9.540 Thread 0x000002a3ff5e4800 nmethod 2781 0x000002a387bdf390 code [0x000002a387bdf500, 0x000002a387bdf5d8]
Event: 9.540 Thread 0x000002a3ff5e4800 2782       4       org.jetbrains.kotlin.protobuf.GeneratedMessageLite::makeExtensionsImmutable (1 bytes)
Event: 9.540 Thread 0x000002a3ff5e4800 nmethod 2782 0x000002a387bdf690 code [0x000002a387bdf800, 0x000002a387bdf858]
Event: 9.540 Thread 0x000002a3ff5e4800 2784       4       org.jetbrains.kotlin.protobuf.CodedOutputStream::flush (12 bytes)
Event: 9.540 Thread 0x000002a3fd22d800 nmethod 2783 0x000002a380acd490 code [0x000002a380acd7c0, 0x000002a380aced98]
Event: 9.540 Thread 0x000002a3fd22d800 2786   !   3       org.jetbrains.kotlin.metadata.ProtoBuf$Class::<init> (2395 bytes)
Event: 9.541 Thread 0x000002a3fd22c000 nmethod 2763 0x000002a387bdf910 code [0x000002a387bdfaa0, 0x000002a387bdfd98]
Event: 9.541 Thread 0x000002a3fd22c000 2785       4       org.jetbrains.kotlin.protobuf.CodedOutputStream::refreshBuffer (37 bytes)
Event: 9.546 Thread 0x000002a3ff5e4800 nmethod 2784 0x000002a387bdfe90 code [0x000002a387be0040, 0x000002a387be0998]
Event: 9.546 Thread 0x000002a3ff5e4800 2794       4       org.jetbrains.kotlin.protobuf.CodedOutputStream::newInstance (12 bytes)

GC Heap History (10 events):
Event: 1.364 GC heap before
{Heap before GC invocations=0 (full 0):
 garbage-first heap   total 120832K, used 27648K [0x000000008a600000, 0x0000000100000000)
  region size 1024K, 24 young (24576K), 0 survivors (0K)
 Metaspace       used 12186K, capacity 12310K, committed 12544K, reserved 1060864K
  class space    used 1153K, capacity 1207K, committed 1280K, reserved 1048576K
}
Event: 1.676 GC heap after
{Heap after GC invocations=1 (full 0):
 garbage-first heap   total 120832K, used 5808K [0x000000008a600000, 0x0000000100000000)
  region size 1024K, 3 young (3072K), 3 survivors (3072K)
 Metaspace       used 12186K, capacity 12310K, committed 12544K, reserved 1060864K
  class space    used 1153K, capacity 1207K, committed 1280K, reserved 1048576K
}
Event: 3.204 GC heap before
{Heap before GC invocations=1 (full 0):
 garbage-first heap   total 120832K, used 41648K [0x000000008a600000, 0x0000000100000000)
  region size 1024K, 39 young (39936K), 3 survivors (3072K)
 Metaspace       used 20867K, capacity 21126K, committed 21296K, reserved 1069056K
  class space    used 2239K, capacity 2327K, committed 2432K, reserved 1048576K
}
Event: 3.220 GC heap after
{Heap after GC invocations=2 (full 0):
 garbage-first heap   total 120832K, used 9576K [0x000000008a600000, 0x0000000100000000)
  region size 1024K, 7 young (7168K), 7 survivors (7168K)
 Metaspace       used 20867K, capacity 21126K, committed 21296K, reserved 1069056K
  class space    used 2239K, capacity 2327K, committed 2432K, reserved 1048576K
}
Event: 7.070 GC heap before
{Heap before GC invocations=3 (full 0):
 garbage-first heap   total 120832K, used 62824K [0x000000008a600000, 0x0000000100000000)
  region size 1024K, 54 young (55296K), 7 survivors (7168K)
 Metaspace       used 32362K, capacity 32804K, committed 32944K, reserved 1077248K
  class space    used 4092K, capacity 4298K, committed 4352K, reserved 1048576K
}
Event: 7.101 GC heap after
{Heap after GC invocations=4 (full 0):
 garbage-first heap   total 120832K, used 20195K [0x000000008a600000, 0x0000000100000000)
  region size 1024K, 7 young (7168K), 7 survivors (7168K)
 Metaspace       used 32362K, capacity 32804K, committed 32944K, reserved 1077248K
  class space    used 4092K, capacity 4298K, committed 4352K, reserved 1048576K
}
Event: 7.233 GC heap before
{Heap before GC invocations=5 (full 0):
 garbage-first heap   total 120832K, used 22243K [0x000000008a600000, 0x0000000100000000)
  region size 1024K, 9 young (9216K), 7 survivors (7168K)
 Metaspace       used 32839K, capacity 33316K, committed 33584K, reserved 1079296K
  class space    used 4159K, capacity 4362K, committed 4480K, reserved 1048576K
}
Event: 7.248 GC heap after
{Heap after GC invocations=6 (full 0):
 garbage-first heap   total 120832K, used 21504K [0x000000008a600000, 0x0000000100000000)
  region size 1024K, 1 young (1024K), 1 survivors (1024K)
 Metaspace       used 32839K, capacity 33316K, committed 33584K, reserved 1079296K
  class space    used 4159K, capacity 4362K, committed 4480K, reserved 1048576K
}
Event: 9.530 GC heap before
{Heap before GC invocations=6 (full 0):
 garbage-first heap   total 120832K, used 60416K [0x000000008a600000, 0x0000000100000000)
  region size 1024K, 39 young (39936K), 1 survivors (1024K)
 Metaspace       used 40576K, capacity 41003K, committed 41136K, reserved 1085440K
  class space    used 4914K, capacity 5110K, committed 5120K, reserved 1048576K
}
Event: 9.536 GC heap after
{Heap after GC invocations=7 (full 0):
 garbage-first heap   total 120832K, used 23044K [0x000000008a600000, 0x0000000100000000)
  region size 1024K, 5 young (5120K), 5 survivors (5120K)
 Metaspace       used 40576K, capacity 41003K, committed 41136K, reserved 1085440K
  class space    used 4914K, capacity 5110K, committed 5120K, reserved 1048576K
}

Deoptimization events (10 events):
Event: 7.579 Thread 0x000002a3ee36e800 Uncommon trap: reason=class_check action=maybe_recompile pc=0x000002a387ba3bf4 method=java.util.AbstractList$Itr.next()Ljava/lang/Object; @ 14 c2
Event: 7.579 Thread 0x000002a3ee36e800 Uncommon trap: reason=class_check action=maybe_recompile pc=0x000002a387ba3bf4 method=java.util.AbstractList$Itr.next()Ljava/lang/Object; @ 14 c2
Event: 7.810 Thread 0x000002a3ee36e800 Uncommon trap: reason=unstable_if action=reinterpret pc=0x000002a387afa540 method=java.util.concurrent.ConcurrentHashMap.get(Ljava/lang/Object;)Ljava/lang/Object; @ 76 c2
Event: 7.838 Thread 0x000002a3ee36e800 Uncommon trap: reason=unstable_if action=reinterpret pc=0x000002a387ba4180 method=org.jetbrains.kotlin.com.intellij.util.SmartList.get(I)Ljava/lang/Object; @ 13 c2
Event: 8.168 Thread 0x000002a3ee36e800 Uncommon trap: reason=unstable_if action=reinterpret pc=0x000002a387bc3940 method=org.jetbrains.kotlin.com.intellij.util.SmartList.get(I)Ljava/lang/Object; @ 13 c2
Event: 8.177 Thread 0x000002a3ee36e800 Uncommon trap: reason=predicate action=maybe_recompile pc=0x000002a387bd7014 method=java.util.AbstractCollection.toArray([Ljava/lang/Object;)[Ljava/lang/Object; @ 43 c2
Event: 8.356 Thread 0x000002a3ee36e800 Uncommon trap: reason=array_check action=maybe_recompile pc=0x000002a387bd83d0 method=java.util.AbstractCollection.toArray([Ljava/lang/Object;)[Ljava/lang/Object; @ 116 c2
Event: 8.356 Thread 0x000002a3ee36e800 Uncommon trap: reason=array_check action=maybe_recompile pc=0x000002a387bd83d0 method=java.util.AbstractCollection.toArray([Ljava/lang/Object;)[Ljava/lang/Object; @ 116 c2
Event: 8.356 Thread 0x000002a3ee36e800 Uncommon trap: reason=array_check action=maybe_recompile pc=0x000002a387bd83d0 method=java.util.AbstractCollection.toArray([Ljava/lang/Object;)[Ljava/lang/Object; @ 116 c2
Event: 8.356 Thread 0x000002a3ee36e800 Uncommon trap: reason=array_check action=maybe_recompile pc=0x000002a387bd83d0 method=java.util.AbstractCollection.toArray([Ljava/lang/Object;)[Ljava/lang/Object; @ 116 c2

Classes redefined (0 events):
No events

Internal exceptions (10 events):
Event: 4.420 Thread 0x000002a3ee36e800 Exception <a 'sun/nio/fs/WindowsException'{0x0000000090dd1a88}> (0x0000000090dd1a88) thrown at [./open/src/hotspot/share/prims/jni.cpp, line 611]
Event: 4.420 Thread 0x000002a3ee36e800 Exception <a 'sun/nio/fs/WindowsException'{0x0000000090dd2300}> (0x0000000090dd2300) thrown at [./open/src/hotspot/share/prims/jni.cpp, line 611]
Event: 4.420 Thread 0x000002a3ee36e800 Exception <a 'sun/nio/fs/WindowsException'{0x0000000090dd2ce8}> (0x0000000090dd2ce8) thrown at [./open/src/hotspot/share/prims/jni.cpp, line 611]
Event: 4.420 Thread 0x000002a3ee36e800 Exception <a 'sun/nio/fs/WindowsException'{0x0000000090dd35c0}> (0x0000000090dd35c0) thrown at [./open/src/hotspot/share/prims/jni.cpp, line 611]
Event: 4.420 Thread 0x000002a3ee36e800 Exception <a 'sun/nio/fs/WindowsException'{0x0000000090dd3ee8}> (0x0000000090dd3ee8) thrown at [./open/src/hotspot/share/prims/jni.cpp, line 611]
Event: 4.425 Thread 0x000002a3ee36e800 Exception <a 'java/lang/NoSuchMethodError'{0x0000000090dda6a8}: java.lang.invoke.DirectMethodHandle$Holder.invokeStatic(Ljava/lang/Object;Ljava/lang/Object;Ljava/lang/Object;Ljava/lang/Object;)V> (0x0000000090dda6a8) thrown at [./open/src/hotspot/share/in
Event: 4.689 Thread 0x000002a3ee36e800 Exception <a 'java/lang/NoSuchMethodError'{0x00000000909bae20}: java.lang.invoke.DirectMethodHandle$Holder.invokeStaticInit(Ljava/lang/Object;Ljava/lang/Object;)V> (0x00000000909bae20) thrown at [./open/src/hotspot/share/interpreter/linkResolver.cpp, line
Event: 5.050 Thread 0x000002a3ee36e800 Exception <a 'java/lang/NoSuchMethodError'{0x00000000904d7b70}: java.lang.invoke.DirectMethodHandle$Holder.invokeVirtual(Ljava/lang/Object;Ljava/lang/Object;)V> (0x00000000904d7b70) thrown at [./open/src/hotspot/share/interpreter/linkResolver.cpp, line 77
Event: 5.061 Thread 0x000002a3ee36e800 Exception <a 'java/lang/NoSuchMethodError'{0x0000000090349138}: java.lang.invoke.DirectMethodHandle$Holder.invokeVirtual(Ljava/lang/Object;Ljava/lang/Object;)I> (0x0000000090349138) thrown at [./open/src/hotspot/share/interpreter/linkResolver.cpp, line 77
Event: 7.552 Thread 0x000002a3ee36e800 Exception <a 'java/lang/NoSuchMethodError'{0x0000000091243a40}: java.lang.invoke.DirectMethodHandle$Holder.invokeVirtual(Ljava/lang/Object;Ljava/lang/Object;Ljava/lang/Object;)Ljava/lang/Object;> (0x0000000091243a40) thrown at [./open/src/hotspot/share/in

Events (10 events):
Event: 9.520 loading class org/jetbrains/kotlin/resolve/checkers/ResolutionWithStubTypesChecker done
Event: 9.521 loading class org/jetbrains/kotlin/resolve/VariableTypeAndInitializerResolver$Companion
Event: 9.521 loading class org/jetbrains/kotlin/resolve/VariableTypeAndInitializerResolver$Companion done
Event: 9.523 loading class org/jetbrains/kotlin/resolve/PlatformDependentAnalyzerServices$DefaultImportsKey
Event: 9.523 loading class org/jetbrains/kotlin/resolve/PlatformDependentAnalyzerServices$DefaultImportsKey done
Event: 9.530 Executing VM operation: G1CollectForAllocation
Event: 9.536 Executing VM operation: G1CollectForAllocation done
Event: 9.539 Thread 0x000002a3ff5e4800 Thread added: 0x000002a3ff5e4800
Event: 9.545 loading class org/jetbrains/kotlin/descriptors/impl/LazyPackageViewDescriptorImpl
Event: 9.545 loading class org/jetbrains/kotlin/descriptors/impl/LazyPackageViewDescriptorImpl done


Dynamic libraries:
0x00007ff770ac0000 - 0x00007ff770ad0000 	C:\Program Files\Java\jdk-11.0.18\bin\java.exe
0x00007ff902130000 - 0x00007ff902344000 	C:\WINDOWS\SYSTEM32\ntdll.dll
0x00007ff9002a0000 - 0x00007ff900362000 	C:\WINDOWS\System32\KERNEL32.DLL
0x00007ff8ff6c0000 - 0x00007ff8ffa63000 	C:\WINDOWS\System32\KERNELBASE.dll
0x00007ff8ff530000 - 0x00007ff8ff641000 	C:\WINDOWS\System32\ucrtbase.dll
0x00007ff8d1e40000 - 0x00007ff8d1e58000 	C:\Program Files\Java\jdk-11.0.18\bin\jli.dll
0x00007ff8f81d0000 - 0x00007ff8f81eb000 	C:\Program Files\Java\jdk-11.0.18\bin\VCRUNTIME140.dll
0x00007ff901680000 - 0x00007ff90172e000 	C:\WINDOWS\System32\ADVAPI32.dll
0x00007ff900370000 - 0x00007ff900417000 	C:\WINDOWS\System32\msvcrt.dll
0x00007ff900580000 - 0x00007ff900624000 	C:\WINDOWS\System32\sechost.dll
0x00007ff901fc0000 - 0x00007ff9020d7000 	C:\WINDOWS\System32\RPCRT4.dll
0x00007ff901d10000 - 0x00007ff901eba000 	C:\WINDOWS\System32\USER32.dll
0x00007ff8ffd40000 - 0x00007ff8ffd66000 	C:\WINDOWS\System32\win32u.dll
0x00007ff9017f0000 - 0x00007ff901819000 	C:\WINDOWS\System32\GDI32.dll
0x00007ff8ffd70000 - 0x00007ff8ffe89000 	C:\WINDOWS\System32\gdi32full.dll
0x00007ff8ffa70000 - 0x00007ff8ffb0a000 	C:\WINDOWS\System32\msvcp_win.dll
0x00007ff8e6a30000 - 0x00007ff8e6cbe000 	C:\WINDOWS\WinSxS\amd64_microsoft.windows.common-controls_6595b64144ccf1df_6.0.22621.1635_none_270f70857386168e\COMCTL32.dll
0x00007ff8f7170000 - 0x00007ff8f717a000 	C:\WINDOWS\SYSTEM32\VERSION.dll
0x00007ff901640000 - 0x00007ff901671000 	C:\WINDOWS\System32\IMM32.DLL
0x00007ff8fa8c0000 - 0x00007ff8fa8cc000 	C:\Program Files\Java\jdk-11.0.18\bin\vcruntime140_1.dll
0x00007ff8b40f0000 - 0x00007ff8b417e000 	C:\Program Files\Java\jdk-11.0.18\bin\msvcp140.dll
0x00007ff8786a0000 - 0x00007ff879208000 	C:\Program Files\Java\jdk-11.0.18\bin\server\jvm.dll
0x00007ff8fff10000 - 0x00007ff8fff18000 	C:\WINDOWS\System32\PSAPI.DLL
0x00007ff8fa990000 - 0x00007ff8fa999000 	C:\WINDOWS\SYSTEM32\WSOCK32.dll
0x00007ff900500000 - 0x00007ff900571000 	C:\WINDOWS\System32\WS2_32.dll
0x00007ff8f8e00000 - 0x00007ff8f8e34000 	C:\WINDOWS\SYSTEM32\WINMM.dll
0x00007ff8fe570000 - 0x00007ff8fe588000 	C:\WINDOWS\SYSTEM32\kernel.appcore.dll
0x00007ff8e2700000 - 0x00007ff8e2710000 	C:\Program Files\Java\jdk-11.0.18\bin\verify.dll
0x00007ff8ed9f0000 - 0x00007ff8edc1e000 	C:\WINDOWS\SYSTEM32\DBGHELP.DLL
0x00007ff901900000 - 0x00007ff901c89000 	C:\WINDOWS\System32\combase.dll
0x00007ff900420000 - 0x00007ff9004f7000 	C:\WINDOWS\System32\OLEAUT32.dll
0x00007ff8e0200000 - 0x00007ff8e0232000 	C:\WINDOWS\SYSTEM32\dbgcore.DLL
0x00007ff8ffe90000 - 0x00007ff8fff0a000 	C:\WINDOWS\System32\bcryptPrimitives.dll
0x00007ff8c6610000 - 0x00007ff8c6638000 	C:\Program Files\Java\jdk-11.0.18\bin\java.dll
0x00007ff8d25e0000 - 0x00007ff8d25ea000 	C:\Program Files\Java\jdk-11.0.18\bin\jimage.dll
0x00007ff8c06c0000 - 0x00007ff8c06d7000 	C:\Program Files\Java\jdk-11.0.18\bin\zip.dll
0x00007ff900690000 - 0x00007ff900e89000 	C:\WINDOWS\System32\SHELL32.dll
0x00007ff8fd4f0000 - 0x00007ff8fddbe000 	C:\WINDOWS\SYSTEM32\windows.storage.dll
0x00007ff8fd3b0000 - 0x00007ff8fd4ee000 	C:\WINDOWS\SYSTEM32\wintypes.dll
0x00007ff901ec0000 - 0x00007ff901fb1000 	C:\WINDOWS\System32\SHCORE.dll
0x00007ff900630000 - 0x00007ff90068e000 	C:\WINDOWS\System32\shlwapi.dll
0x00007ff8ff460000 - 0x00007ff8ff486000 	C:\WINDOWS\SYSTEM32\profapi.dll
0x00007ff8bf4d0000 - 0x00007ff8bf4e9000 	C:\Program Files\Java\jdk-11.0.18\bin\net.dll
0x00007ff8f7210000 - 0x00007ff8f7347000 	C:\WINDOWS\SYSTEM32\WINHTTP.dll
0x00007ff8fe9f0000 - 0x00007ff8fea59000 	C:\WINDOWS\system32\mswsock.dll
0x00007ff8bf4b0000 - 0x00007ff8bf4c2000 	C:\Program Files\Java\jdk-11.0.18\bin\nio.dll

dbghelp: loaded successfully - version: 4.0.5 - missing functions: none
symbol engine: initialized successfully - sym options: 0x614 - pdb path: .;C:\Program Files\Java\jdk-11.0.18\bin;C:\WINDOWS\SYSTEM32;C:\WINDOWS\WinSxS\amd64_microsoft.windows.common-controls_6595b64144ccf1df_6.0.22621.1635_none_270f70857386168e;C:\Program Files\Java\jdk-11.0.18\bin\server

VM Arguments:
java_command: org.jetbrains.kotlin.cli.jvm.K2JVMCompiler @C:\convoxmeet_products\my-products\Android_app\node_modules\react-native-hole-view\android\build\20230809_15758262442673637626.compiler.options
java_class_path (initial): C:\Users\Dtel\.gradle\caches\modules-2\files-2.1\org.jetbrains.kotlin\kotlin-compiler-embeddable\1.6.20\18f66cca4301c12893ebe4ef47d65c3d9d2bff9b\kotlin-compiler-embeddable-1.6.20.jar;C:\Users\Dtel\.gradle\caches\modules-2\files-2.1\org.jetbrains.kotlin\kotlin-reflect\1.6.20\669965154723f1a712e8677af0cc5470dfdab81c\kotlin-reflect-1.6.20.jar;C:\Users\Dtel\.gradle\caches\modules-2\files-2.1\org.jetbrains.kotlin\kotlin-stdlib\1.6.20\6cedc143badbb4f1c6b7f5a340b04edff1743208\kotlin-stdlib-1.6.20.jar;C:\Users\Dtel\.gradle\caches\modules-2\files-2.1\org.jetbrains.kotlin\kotlin-script-runtime\1.6.20\a115c367e0fd9c8909293b208689afca0c88a6f1\kotlin-script-runtime-1.6.20.jar;C:\Users\Dtel\.gradle\caches\modules-2\files-2.1\org.jetbrains.kotlin\kotlin-daemon-embeddable\1.6.20\d4cac343029f48f106c57f457384771165d7deb5\kotlin-daemon-embeddable-1.6.20.jar;C:\Users\Dtel\.gradle\caches\modules-2\files-2.1\org.jetbrains.intellij.deps\trove4j\1.0.20200330\3afb14d5f9ceb459d724e907a21145e8ff394f02\trove4j-1.0.20200330.jar;C:\Users\Dtel\.gradle\caches\modules-2\files-2.1\net.java.dev.jna\jna\5.6.0\330f2244e9030119ab3030fc3fededc86713d9cc\jna-5.6.0.jar;C:\Users\Dtel\.gradle\caches\modules-2\files-2.1\org.jetbrains.kotlin\kotlin-stdlib-common\1.6.20\27b4562b6713d70f458c6d7ea39aadacb8e6a92b\kotlin-stdlib-common-1.6.20.jar;C:\Users\Dtel\.gradle\caches\modules-2\files-2.1\org.jetbrains\annotations\13.0\919f0dfe192fb4e063e7dacadee7f8bb9a2672a9\annotations-13.0.jar
Launcher Type: SUN_STANDARD

[Global flags]
     intx CICompilerCount                          = 4                                         {product} {ergonomic}
     uint ConcGCThreads                            = 3                                         {product} {ergonomic}
     uint G1ConcRefinementThreads                  = 10                                        {product} {ergonomic}
   size_t G1HeapRegionSize                         = 1048576                                   {product} {ergonomic}
    uintx GCDrainStackTargetSize                   = 64                                        {product} {ergonomic}
   size_t InitialHeapSize                          = 123731968                                 {product} {ergonomic}
   size_t MarkStackSize                            = 4194304                                   {product} {ergonomic}
   size_t MaxHeapSize                              = 1973420032                                {product} {ergonomic}
   size_t MaxNewSize                               = 1183842304                                {product} {ergonomic}
   size_t MinHeapDeltaBytes                        = 1048576                                   {product} {ergonomic}
    uintx NonNMethodCodeHeapSize                   = 5836300                                {pd product} {ergonomic}
    uintx NonProfiledCodeHeapSize                  = 122910970                              {pd product} {ergonomic}
    uintx ProfiledCodeHeapSize                     = 122910970                              {pd product} {ergonomic}
    uintx ReservedCodeCacheSize                    = 251658240                              {pd product} {ergonomic}
     bool SegmentedCodeCache                       = true                                      {product} {ergonomic}
     bool UseCompressedClassPointers               = true                                 {lp64_product} {ergonomic}
     bool UseCompressedOops                        = true                                 {lp64_product} {ergonomic}
     bool UseG1GC                                  = true                                      {product} {ergonomic}
     bool UseLargePagesIndividualAllocation        = false                                  {pd product} {ergonomic}

Logging:
Log output configuration:
 #0: stdout all=warning uptime,level,tags
 #1: stderr all=off uptime,level,tags

Environment Variables:
JAVA_HOME=C:\Program Files\Java\jdk-11.0.18
CLASSPATH=C:\convoxmeet_products\my-products\Android_app\android\\gradle\wrapper\gradle-wrapper.jar
PATH=C:\Program Files (x86)\Common Files\Oracle\Java\javapath;C:\Program Files\NVIDIA GPU Computing Toolkit\CUDA\v10.0\bin;C:\Program Files\NVIDIA GPU Computing Toolkit\CUDA\v10.0\libnvvp;C:\Program Files\Python37\Scripts\;C:\Program Files\Python37\;C:\Windows\system32;C:\Windows;C:\Windows\System32\Wbem;C:\Windows\System32\WindowsPowerShell\v1.0\;C:\Windows\System32\OpenSSH\;C:\Program Files\PuTTY\;C:\Program Files\Git\cmd;C:\Program Files (x86)\NVIDIA Corporation\PhysX\Common;C:\Program Files\NVIDIA Corporation\NVIDIA NvDLISR;C:\WINDOWS\system32;C:\WINDOWS;C:\WINDOWS\System32\Wbem;C:\WINDOWS\System32\WindowsPowerShell\v1.0\;C:\WINDOWS\System32\OpenSSH\;C:\Program Files\CMake\bin;C:\Program Files\nodejs\;C:\sqlite3;C:\platform-tools;C:\Program Files\Java\jdk-11.0.18;C:\Users\Dtel\AppData\Local\Programs\Python\Python38\Scripts\;C:\Users\Dtel\AppData\Local\Programs\Python\Python38\;C:\Users\Dtel\AppData\Local\Programs\Python\Python36\Scripts\;C:\Users\Dtel\AppData\Local\Programs\Python\Python36\;C:\Users\Dtel\AppData\Local\Microsoft\WindowsApps;C:\Users\Dtel\Downloads\wget;C:\Users\Dtel\AppData\Local\Programs\Microsoft VS Code\bin;C:\Program Files\JetBrains\IntelliJ IDEA Community Edition 2023.1.2\bin;;C:\Users\Dtel\AppData\Roaming\npm;C:\platform-tools;C:\Program Files\Java\jdk-11.0.18;
USERNAME=Dtel
OS=Windows_NT
PROCESSOR_IDENTIFIER=AMD64 Family 25 Model 80 Stepping 0, AuthenticAMD



---------------  S Y S T E M  ---------------

OS: Windows 11 , 64 bit Build 22621 (10.0.22621.1928)

CPU:total 12 (initial active 12) (12 cores per cpu, 2 threads per core) family 25 model 80 stepping 0 microcode 0x0, cmov, cx8, fxsr, mmx, sse, sse2, sse3, ssse3, sse4.1, sse4.2, popcnt, avx, avx2, aes, clmul, erms, mmxext, 3dnowpref, lzcnt, sse4a, ht, tsc, tscinvbit, tscinv, bmi1, bmi2,

Memory: 4k page, system-wide physical 7521M (1111M free)
TotalPageFile size 31073M (AvailPageFile size 937M)
current process WorkingSet (physical memory assigned to process): 183M, peak: 183M
current process commit charge ("private bytes"): 266M, peak: 270M

vm_info: Java HotSpot(TM) 64-Bit Server VM (11.0.18+9-LTS-195) for windows-amd64 JRE (11.0.18+9-LTS-195), built on Dec  6 2022 15:50:58 by "mach5one" with MS VC++ 17.1 (VS2022)

END.
